
Total results: 373https://plus.google.com/117322685631899090595
http://cleanandgreenhackathon.com/results/
http://www.engr.wisc.edu/ece/newsletter/2004-2005_fallwinter/article03_undergradscholar.html
https://www.facebook.com/kwaliamd
http://www.google.com/search?oe=utf8&ie=utf8&source=uds&start=0&hl=en&q=karun+siddana
Total results: 2630https://www.linkedin.com/pub/neha-p-siddana/12/550/945
https://www.linkedin.com/pub/dir/Neha/Sidana
https://www.linkedin.com/pub/dir/Neha/P
http://en.wikipedia.org/wiki/Padma_Khanna
http://www.google.com/search?oe=utf8&ie=utf8&source=uds&start=0&hl=en&q=neha+siddana
Total results: 8170http://www.cov.com/avohra
https://www.linkedin.com/pub/dir/Anuj/Vohra
https://www.linkedin.com/pub/anuj-vohra/2/2b2/7a0
https://twitter.com/vohraanuj
http://www.google.com/search?oe=utf8&ie=utf8&source=uds&start=0&hl=en&q=anuj+vohra
Total results: 11000https://www.linkedin.com/pub/vishal-rao/0/aa8/9a3
https://www.linkedin.com/pub/dir/VISHAL/RAO
http://www.glassdoor.com/Overview/Working-at-Cloudera-EI_IE360671.11,19.htm
http://www.quora.com/What-are-the-modern-best-practices-and-tools-in-Java
http://www.google.com/search?oe=utf8&ie=utf8&source=uds&start=0&hl=en&q=vishal+rao+cassandra
Total results: 373
https://plus.google.com/117322685631899090595

http://cleanandgreenhackathon.com/results/

http://www.engr.wisc.edu/ece/newsletter/2004-2005_fallwinter/article03_undergradscholar.html

https://www.facebook.com/kwaliamd
http://www.google.com/search?oe=utf8&ie=utf8&source=uds&start=0&hl=en&q=karun+siddana
Total results: 373https://plus.google.com/117322685631899090595
http://cleanandgreenhackathon.com/results/
http://www.engr.wisc.edu/ece/newsletter/2004-2005_fallwinter/article03_undergradscholar.html
https://www.facebook.com/kwaliamd
http://www.google.com/search?oe=utf8&ie=utf8&source=uds&start=0&hl=en&q=karun+siddana
Total results: 722000https://cassandramiller.wordpress.com/
https://www.facebook.com/public/Cassandra-Miller
https://twitter.com/cassmilla
https://www.linkedin.com/pub/dir/%3Ffirst%3DCASSANDRA%26last%3DMILLER
http://www.google.com/search?oe=utf8&ie=utf8&source=uds&start=0&hl=en&q=cassandra+miller
Total results: 12000000http://www.microsoft.com/mac/downloads
http://www.microsoft.com/mac/buy
http://www.microsoft.com/mac/office-2011-digital-download
http://download.cnet.com/Microsoft-Office-2011/3000-18483_4-75305578.html
http://www.google.com/search?oe=utf8&ie=utf8&source=uds&start=0&hl=en&q=microsoft+office+download+for+mac
Total results: 5790000http://download.cnet.com/Microsoft-Office-2011/3000-18483_4-75305578.html
http://www.youtube.com/watch%3Fv%3Dq-Piar-W0bA
http://www.microsoft.com/en-us/download/details.aspx%3Fid%3D44329
http://www.microsoft.com/mac/downloads
http://www.google.com/search?oe=utf8&ie=utf8&source=uds&start=0&hl=en&q=microsoft+office+2011+for+mac+free